[2023-04-04 09:57:02,344] INFO Starting the log cleaner (kafka.log.LogCleaner)
[2023-04-04 09:57:02,525] INFO [kafka-log-cleaner-thread-0]: Starting (kafka.log.LogCleaner)
[2023-04-04 09:58:22,158] INFO Shutting down the log cleaner. (kafka.log.LogCleaner)
[2023-04-04 09:58:22,159] INFO [kafka-log-cleaner-thread-0]: Shutting down (kafka.log.LogCleaner)
[2023-04-04 09:58:22,159] INFO [kafka-log-cleaner-thread-0]: Stopped (kafka.log.LogCleaner)
[2023-04-04 09:58:22,159] INFO [kafka-log-cleaner-thread-0]: Shutdown completed (kafka.log.LogCleaner)
[2023-04-04 09:59:47,589] INFO Starting the log cleaner (kafka.log.LogCleaner)
[2023-04-04 09:59:47,657] INFO [kafka-log-cleaner-thread-0]: Starting (kafka.log.LogCleaner)
[2023-04-04 10:00:12,797] INFO Shutting down the log cleaner. (kafka.log.LogCleaner)
[2023-04-04 10:00:12,799] INFO [kafka-log-cleaner-thread-0]: Shutting down (kafka.log.LogCleaner)
[2023-04-04 10:00:12,799] INFO [kafka-log-cleaner-thread-0]: Stopped (kafka.log.LogCleaner)
[2023-04-04 10:00:12,799] INFO [kafka-log-cleaner-thread-0]: Shutdown completed (kafka.log.LogCleaner)
[2023-04-04 10:00:40,606] INFO Starting the log cleaner (kafka.log.LogCleaner)
[2023-04-04 10:00:40,670] INFO [kafka-log-cleaner-thread-0]: Starting (kafka.log.LogCleaner)
[2023-04-04 10:01:03,243] INFO Shutting down the log cleaner. (kafka.log.LogCleaner)
[2023-04-04 10:01:03,243] INFO [kafka-log-cleaner-thread-0]: Shutting down (kafka.log.LogCleaner)
[2023-04-04 10:01:03,244] INFO [kafka-log-cleaner-thread-0]: Stopped (kafka.log.LogCleaner)
[2023-04-04 10:01:03,244] INFO [kafka-log-cleaner-thread-0]: Shutdown completed (kafka.log.LogCleaner)
[2023-04-04 10:01:21,735] INFO Starting the log cleaner (kafka.log.LogCleaner)
[2023-04-04 10:01:21,787] INFO [kafka-log-cleaner-thread-0]: Starting (kafka.log.LogCleaner)
[2023-04-04 10:03:08,541] INFO Shutting down the log cleaner. (kafka.log.LogCleaner)
[2023-04-04 10:03:08,542] INFO [kafka-log-cleaner-thread-0]: Shutting down (kafka.log.LogCleaner)
[2023-04-04 10:03:08,542] INFO [kafka-log-cleaner-thread-0]: Stopped (kafka.log.LogCleaner)
[2023-04-04 10:03:08,542] INFO [kafka-log-cleaner-thread-0]: Shutdown completed (kafka.log.LogCleaner)
[2023-04-04 10:03:23,335] INFO Starting the log cleaner (kafka.log.LogCleaner)
[2023-04-04 10:03:23,391] INFO [kafka-log-cleaner-thread-0]: Starting (kafka.log.LogCleaner)
[2023-04-04 10:03:32,278] INFO Starting the log cleaner (kafka.log.LogCleaner)
[2023-04-04 10:03:32,340] INFO [kafka-log-cleaner-thread-0]: Starting (kafka.log.LogCleaner)
[2023-04-04 10:03:49,045] INFO Starting the log cleaner (kafka.log.LogCleaner)
[2023-04-04 10:03:49,098] INFO [kafka-log-cleaner-thread-0]: Starting (kafka.log.LogCleaner)
[2023-04-04 10:06:35,434] INFO Shutting down the log cleaner. (kafka.log.LogCleaner)
[2023-04-04 10:06:35,434] INFO [kafka-log-cleaner-thread-0]: Shutting down (kafka.log.LogCleaner)
[2023-04-04 10:06:35,435] INFO [kafka-log-cleaner-thread-0]: Stopped (kafka.log.LogCleaner)
[2023-04-04 10:06:35,435] INFO [kafka-log-cleaner-thread-0]: Shutdown completed (kafka.log.LogCleaner)
[2023-04-04 10:07:27,591] INFO Shutting down the log cleaner. (kafka.log.LogCleaner)
[2023-04-04 10:07:27,592] INFO [kafka-log-cleaner-thread-0]: Shutting down (kafka.log.LogCleaner)
[2023-04-04 10:07:27,592] INFO [kafka-log-cleaner-thread-0]: Stopped (kafka.log.LogCleaner)
[2023-04-04 10:07:27,592] INFO [kafka-log-cleaner-thread-0]: Shutdown completed (kafka.log.LogCleaner)
[2023-04-04 10:08:22,338] INFO Starting the log cleaner (kafka.log.LogCleaner)
[2023-04-04 10:08:22,392] INFO [kafka-log-cleaner-thread-0]: Starting (kafka.log.LogCleaner)
[2023-04-04 10:08:43,457] INFO Starting the log cleaner (kafka.log.LogCleaner)
[2023-04-04 10:08:43,508] INFO [kafka-log-cleaner-thread-0]: Starting (kafka.log.LogCleaner)
[2023-04-04 10:08:53,647] INFO Shutting down the log cleaner. (kafka.log.LogCleaner)
[2023-04-04 10:08:53,647] INFO [kafka-log-cleaner-thread-0]: Shutting down (kafka.log.LogCleaner)
[2023-04-04 10:08:53,647] INFO [kafka-log-cleaner-thread-0]: Stopped (kafka.log.LogCleaner)
[2023-04-04 10:08:53,647] INFO [kafka-log-cleaner-thread-0]: Shutdown completed (kafka.log.LogCleaner)
[2023-04-04 10:10:53,395] INFO Shutting down the log cleaner. (kafka.log.LogCleaner)
[2023-04-04 10:10:53,395] INFO [kafka-log-cleaner-thread-0]: Shutting down (kafka.log.LogCleaner)
[2023-04-04 10:10:53,396] INFO [kafka-log-cleaner-thread-0]: Stopped (kafka.log.LogCleaner)
[2023-04-04 10:10:53,396] INFO [kafka-log-cleaner-thread-0]: Shutdown completed (kafka.log.LogCleaner)
[2023-04-04 10:37:38,906] INFO Starting the log cleaner (kafka.log.LogCleaner)
[2023-04-04 10:37:38,952] INFO [kafka-log-cleaner-thread-0]: Starting (kafka.log.LogCleaner)
[2023-04-04 10:37:49,784] INFO Starting the log cleaner (kafka.log.LogCleaner)
[2023-04-04 10:37:49,838] INFO [kafka-log-cleaner-thread-0]: Starting (kafka.log.LogCleaner)
[2023-04-04 10:38:07,209] INFO Starting the log cleaner (kafka.log.LogCleaner)
[2023-04-04 10:38:07,262] INFO [kafka-log-cleaner-thread-0]: Starting (kafka.log.LogCleaner)
[2023-04-04 10:41:13,494] INFO Shutting down the log cleaner. (kafka.log.LogCleaner)
[2023-04-04 10:41:13,494] INFO [kafka-log-cleaner-thread-0]: Shutting down (kafka.log.LogCleaner)
[2023-04-04 10:41:13,495] INFO [kafka-log-cleaner-thread-0]: Stopped (kafka.log.LogCleaner)
[2023-04-04 10:41:13,495] INFO [kafka-log-cleaner-thread-0]: Shutdown completed (kafka.log.LogCleaner)
[2023-04-04 10:41:46,861] INFO Shutting down the log cleaner. (kafka.log.LogCleaner)
[2023-04-04 10:41:46,862] INFO [kafka-log-cleaner-thread-0]: Shutting down (kafka.log.LogCleaner)
[2023-04-04 10:41:46,862] INFO [kafka-log-cleaner-thread-0]: Stopped (kafka.log.LogCleaner)
[2023-04-04 10:41:46,862] INFO [kafka-log-cleaner-thread-0]: Shutdown completed (kafka.log.LogCleaner)
[2023-04-04 10:43:12,523] INFO Starting the log cleaner (kafka.log.LogCleaner)
[2023-04-04 10:43:12,588] INFO [kafka-log-cleaner-thread-0]: Starting (kafka.log.LogCleaner)
[2023-04-04 10:44:25,591] INFO Starting the log cleaner (kafka.log.LogCleaner)
[2023-04-04 10:44:25,644] INFO [kafka-log-cleaner-thread-0]: Starting (kafka.log.LogCleaner)
[2023-04-04 10:47:28,553] INFO Starting the log cleaner (kafka.log.LogCleaner)
[2023-04-04 10:47:28,605] INFO [kafka-log-cleaner-thread-0]: Starting (kafka.log.LogCleaner)
[2023-04-04 10:48:30,895] INFO Shutting down the log cleaner. (kafka.log.LogCleaner)
[2023-04-04 10:48:30,896] INFO [kafka-log-cleaner-thread-0]: Shutting down (kafka.log.LogCleaner)
[2023-04-04 10:48:30,897] INFO [kafka-log-cleaner-thread-0]: Stopped (kafka.log.LogCleaner)
[2023-04-04 10:48:30,897] INFO [kafka-log-cleaner-thread-0]: Shutdown completed (kafka.log.LogCleaner)
[2023-04-04 10:48:36,611] INFO Starting the log cleaner (kafka.log.LogCleaner)
[2023-04-04 10:48:36,660] INFO [kafka-log-cleaner-thread-0]: Starting (kafka.log.LogCleaner)
[2023-04-04 11:05:16,237] INFO Shutting down the log cleaner. (kafka.log.LogCleaner)
[2023-04-04 11:05:16,238] INFO [kafka-log-cleaner-thread-0]: Shutting down (kafka.log.LogCleaner)
[2023-04-04 11:05:16,239] INFO [kafka-log-cleaner-thread-0]: Stopped (kafka.log.LogCleaner)
[2023-04-04 11:05:16,239] INFO [kafka-log-cleaner-thread-0]: Shutdown completed (kafka.log.LogCleaner)
[2023-04-04 11:08:24,123] INFO Starting the log cleaner (kafka.log.LogCleaner)
[2023-04-04 11:08:24,184] INFO [kafka-log-cleaner-thread-0]: Starting (kafka.log.LogCleaner)
[2023-04-04 11:09:43,579] INFO Shutting down the log cleaner. (kafka.log.LogCleaner)
[2023-04-04 11:09:43,579] INFO [kafka-log-cleaner-thread-0]: Shutting down (kafka.log.LogCleaner)
[2023-04-04 11:09:43,580] INFO [kafka-log-cleaner-thread-0]: Stopped (kafka.log.LogCleaner)
[2023-04-04 11:09:43,580] INFO [kafka-log-cleaner-thread-0]: Shutdown completed (kafka.log.LogCleaner)
[2023-04-04 11:09:57,799] INFO Starting the log cleaner (kafka.log.LogCleaner)
[2023-04-04 11:09:57,853] INFO [kafka-log-cleaner-thread-0]: Starting (kafka.log.LogCleaner)
[2023-04-04 11:10:34,114] INFO Starting the log cleaner (kafka.log.LogCleaner)
[2023-04-04 11:10:34,169] INFO [kafka-log-cleaner-thread-0]: Starting (kafka.log.LogCleaner)
[2023-04-04 11:10:50,880] INFO Starting the log cleaner (kafka.log.LogCleaner)
[2023-04-04 11:10:50,938] INFO [kafka-log-cleaner-thread-0]: Starting (kafka.log.LogCleaner)
[2023-04-04 11:14:00,887] INFO Starting the log cleaner (kafka.log.LogCleaner)
[2023-04-04 11:14:00,931] INFO [kafka-log-cleaner-thread-0]: Starting (kafka.log.LogCleaner)
[2023-04-04 11:14:09,173] INFO Starting the log cleaner (kafka.log.LogCleaner)
[2023-04-04 11:14:09,220] INFO [kafka-log-cleaner-thread-0]: Starting (kafka.log.LogCleaner)
[2023-04-04 11:14:15,403] INFO Starting the log cleaner (kafka.log.LogCleaner)
[2023-04-04 11:14:15,458] INFO [kafka-log-cleaner-thread-0]: Starting (kafka.log.LogCleaner)
[2023-04-04 11:16:36,234] INFO Shutting down the log cleaner. (kafka.log.LogCleaner)
[2023-04-04 11:16:36,234] INFO [kafka-log-cleaner-thread-0]: Shutting down (kafka.log.LogCleaner)
[2023-04-04 11:16:36,235] INFO [kafka-log-cleaner-thread-0]: Stopped (kafka.log.LogCleaner)
[2023-04-04 11:16:36,235] INFO [kafka-log-cleaner-thread-0]: Shutdown completed (kafka.log.LogCleaner)
[2023-04-04 11:18:56,805] INFO Shutting down the log cleaner. (kafka.log.LogCleaner)
[2023-04-04 11:18:56,806] INFO [kafka-log-cleaner-thread-0]: Shutting down (kafka.log.LogCleaner)
[2023-04-04 11:18:56,806] INFO [kafka-log-cleaner-thread-0]: Stopped (kafka.log.LogCleaner)
[2023-04-04 11:18:56,806] INFO [kafka-log-cleaner-thread-0]: Shutdown completed (kafka.log.LogCleaner)
